2024-01-30 19:18:25 INFO  ProjectStartupHandler.runActivity(74) - ---------- Project opened ----------
2024-01-30 19:18:25 INFO  ProjectStartupHandler.runActivity(75) - ---------- Version 4.03 ----------

2024-01-30 19:18:25 INFO  ProjectStartupHandler.setAutoscrolls(346) - Autoscrolls successfully set
2024-01-30 19:18:25 INFO  ApacheHttpClient.isSessionAppropriateWithSecretKey(589) - The session is not set in the property file.
2024-01-30 19:18:25 INFO  ApacheHttpClient.login(250) - Waiting for server response.
2024-01-30 19:18:25 INFO  ApacheHttpClient.login(250) - Waiting for server response.
2024-01-30 19:18:25 INFO  ApacheHttpClient.login(254) - responseCode = 200
2024-01-30 19:18:25 INFO  ApacheHttpClient.login(277) - JSESSIONID OK
2024-01-30 19:18:26 INFO  ApacheHttpClient.refreshUserInfo(305) - responseCode = 200
2024-01-30 19:18:26 INFO  ApacheHttpClient.refreshUserInfo(311) - User information received.
2024-01-30 19:18:26 INFO  ApacheHttpClient.startGA(36) - GAService started.
2024-01-30 19:18:27 INFO  ApacheHttpClient.getWebResourceAsStream(502) - responseCode = 200
2024-01-30 19:18:31 INFO  ApacheHttpClient.getFilteredTasks(336) - responseCode = 200
2024-01-30 19:18:39 INFO  ApacheHttpClient.getFilteredTasks(336) - responseCode = 200
2024-01-30 19:19:51 INFO  ProjectStartupHandler.projectClosing(155) - ---------- Project closed ----------

2024-01-30 19:19:51 INFO  PluginProjectService.dispose(41) - PluginProjectService for disposed.
2024-01-30 19:20:23 INFO  ProjectStartupHandler.runActivity(74) - ---------- Project opened ----------
2024-01-30 19:20:23 INFO  ProjectStartupHandler.runActivity(75) - ---------- Version 4.03 ----------

2024-01-30 19:20:23 INFO  ProjectStartupHandler.setAutoscrolls(346) - Autoscrolls successfully set
2024-01-30 19:20:24 INFO  ApacheHttpClient.isSessionAppropriateWithSecretKey(602) - Waiting for server response.
2024-01-30 19:20:24 INFO  ApacheHttpClient.isSessionAppropriateWithSecretKey(602) - Waiting for server response.
2024-01-30 19:20:24 INFO  ApacheHttpClient.refreshUserInfo(305) - responseCode = 200
2024-01-30 19:20:24 INFO  ApacheHttpClient.refreshUserInfo(311) - User information received.
2024-01-30 19:20:24 INFO  ApacheHttpClient.startGA(36) - GAService started.
2024-01-30 19:20:26 INFO  ApacheHttpClient.getWebResourceAsStream(502) - responseCode = 200
2024-01-30 19:20:27 INFO  ApacheHttpClient.getFilteredTasks(336) - responseCode = 200
2024-01-30 19:20:34 INFO  ApacheHttpClient.getTaskTemplateInfo(353) - responseCode = 200
2024-01-30 19:20:34 INFO  TaskInfoSelectorMouseListener.createDirectoryRecursive(78) - File created :C:/Java Coding/JavaRushTasks/2.JavaCore/src/com
2024-01-30 19:20:34 INFO  TaskInfoSelectorMouseListener.createDirectoryRecursive(78) - File created :C:/Java Coding/JavaRushTasks/2.JavaCore/src/com/javarush
2024-01-30 19:20:34 INFO  TaskInfoSelectorMouseListener.createDirectoryRecursive(78) - File created :C:/Java Coding/JavaRushTasks/2.JavaCore/src/com/javarush/task
2024-01-30 19:20:34 INFO  TaskInfoSelectorMouseListener.createDirectoryRecursive(78) - File created :C:/Java Coding/JavaRushTasks/2.JavaCore/src/com/javarush/task/task16
2024-01-30 19:20:34 INFO  TaskInfoSelectorMouseListener.createDirectoryRecursive(78) - File created :C:/Java Coding/JavaRushTasks/2.JavaCore/src/com/javarush/task/task16/task1607
2024-01-30 22:12:29 INFO  ProjectStartupHandler.projectClosing(155) - ---------- Project closed ----------

2024-01-30 22:12:30 INFO  ApacheHttpClient.getTask(488) - responseCode = 200
2024-01-30 22:12:30 INFO  PluginProjectService.dispose(41) - PluginProjectService for disposed.
2024-02-01 12:50:14 INFO  ProjectStartupHandler.runActivity(74) - ---------- Project opened ----------
2024-02-01 12:50:14 INFO  ProjectStartupHandler.runActivity(75) - ---------- Version 4.03 ----------

2024-02-01 12:50:14 INFO  ApacheHttpClient.isSessionAppropriateWithSecretKey(602) - Waiting for server response.
2024-02-01 12:50:14 INFO  ApacheHttpClient.isSessionAppropriateWithSecretKey(602) - Waiting for server response.
2024-02-01 12:50:15 INFO  ApacheHttpClient.refreshUserInfo(305) - responseCode = 200
2024-02-01 12:50:15 INFO  ApacheHttpClient.refreshUserInfo(311) - User information received.
2024-02-01 12:50:15 INFO  ApacheHttpClient.startGA(36) - GAService started.
2024-02-01 12:50:38 INFO  ApacheHttpClient.getWebResourceAsStream(502) - responseCode = 200
2024-02-01 12:50:39 INFO  ApacheHttpClient.getFilteredTasks(336) - responseCode = 200
2024-02-01 13:05:45 INFO  ApacheHttpClient.getWebResourceAsStream(502) - responseCode = 200
2024-02-01 13:05:46 INFO  ApacheHttpClient.getTask(488) - responseCode = 200
2024-02-01 13:06:16 INFO  ApacheHttpClient.completed(32) - responseCode = 200
2024-02-01 13:06:25 INFO  ApacheHttpClient.getWebResourceAsStream(502) - responseCode = 200
2024-02-01 13:06:25 INFO  ApacheHttpClient.getTask(488) - responseCode = 200
2024-02-01 13:06:37 INFO  ApacheHttpClient.completed(32) - responseCode = 200
2024-02-01 15:17:50 INFO  ApacheHttpClient.getWebResourceAsStream(502) - responseCode = 200
2024-02-01 15:17:50 INFO  ApacheHttpClient.getTask(488) - responseCode = 200
2024-02-01 15:17:58 INFO  ApacheHttpClient.completed(32) - responseCode = 200
2024-02-01 15:20:08 INFO  ApacheHttpClient.getWebResourceAsStream(502) - responseCode = 200
2024-02-01 15:20:09 INFO  ApacheHttpClient.getTask(488) - responseCode = 200
2024-02-01 15:20:18 INFO  ApacheHttpClient.completed(32) - responseCode = 200
2024-02-01 15:20:18 INFO  ApacheHttpClient.getTask(488) - responseCode = 200
2024-02-01 15:21:42 INFO  ProjectStartupHandler.projectClosing(155) - ---------- Project closed ----------

2024-02-01 15:21:42 INFO  ApacheHttpClient.getTask(488) - responseCode = 200
2024-02-01 15:21:43 INFO  PluginProjectService.dispose(41) - PluginProjectService for disposed.
2024-02-01 15:21:46 INFO  ApacheHttpClient.getWebResourceAsStream(502) - responseCode = 200
2024-02-01 15:21:46 INFO  PluginProjectService.<init>(33) - PluginProjectService for JavaRushTasks initiated.
2024-02-01 15:21:46 INFO  ProjectStartupHandler.runActivity(74) - ---------- Project opened ----------
2024-02-01 15:21:46 INFO  ProjectStartupHandler.runActivity(75) - ---------- Version 4.03 ----------

2024-02-01 15:21:46 INFO  ApacheHttpClient.isSessionAppropriateWithSecretKey(602) - Waiting for server response.
2024-02-01 15:21:46 INFO  ApacheHttpClient.isSessionAppropriateWithSecretKey(602) - Waiting for server response.
2024-02-01 15:21:46 INFO  ApacheHttpClient.refreshUserInfo(305) - responseCode = 200
2024-02-01 15:21:46 INFO  ApacheHttpClient.refreshUserInfo(311) - User information received.
2024-02-01 15:21:46 INFO  ApacheHttpClient.startGA(36) - GAService started.
2024-02-01 15:22:02 INFO  ApacheHttpClient.getWebResourceAsStream(502) - responseCode = 200
2024-02-01 15:22:03 INFO  ApacheHttpClient.getFilteredTasks(336) - responseCode = 200
2024-02-01 15:25:02 INFO  ApacheHttpClient.getWebResourceAsStream(502) - responseCode = 200
2024-02-01 15:25:03 INFO  ApacheHttpClient.getFilteredTasks(336) - responseCode = 200
2024-02-01 15:25:12 INFO  ApacheHttpClient.getTaskTemplateInfo(353) - responseCode = 200
2024-02-01 15:25:12 INFO  TaskInfoSelectorMouseListener.createDirectoryRecursive(78) - File created :B:/Course_Java/JavaRushTasks/2.JavaCore/src/com/javarush/task/task16/task1611
2024-02-01 15:55:32 INFO  ProjectStartupHandler.projectClosing(155) - ---------- Project closed ----------

2024-02-01 15:55:32 INFO  ApacheHttpClient.getTask(488) - responseCode = 200
2024-02-01 15:55:32 INFO  PluginProjectService.dispose(41) - PluginProjectService for disposed.
2024-02-01 19:33:05 INFO  ApacheHttpClient.getWebResourceAsStream(502) - responseCode = 200
2024-02-01 19:33:05 INFO  PluginProjectService.<init>(33) - PluginProjectService for JavaRushTasks initiated.
2024-02-01 19:33:05 INFO  ProjectStartupHandler.runActivity(74) - ---------- Project opened ----------
2024-02-01 19:33:05 INFO  ProjectStartupHandler.runActivity(75) - ---------- Version 4.03 ----------

2024-02-01 19:33:05 INFO  ApacheHttpClient.isSessionAppropriateWithSecretKey(602) - Waiting for server response.
2024-02-01 19:33:05 INFO  ApacheHttpClient.isSessionAppropriateWithSecretKey(602) - Waiting for server response.
2024-02-01 19:33:06 INFO  ApacheHttpClient.refreshUserInfo(305) - responseCode = 200
2024-02-01 19:33:06 INFO  ApacheHttpClient.refreshUserInfo(311) - User information received.
2024-02-01 19:33:06 INFO  ApacheHttpClient.startGA(36) - GAService started.
2024-02-01 20:18:07 INFO  ApacheHttpClient.getWebResourceAsStream(502) - responseCode = 200
2024-02-01 20:18:07 INFO  ApacheHttpClient.getTask(488) - responseCode = 200
2024-02-01 20:18:22 INFO  ApacheHttpClient.completed(32) - responseCode = 200
2024-02-01 20:18:22 INFO  ApacheHttpClient.getTask(488) - responseCode = 200
2024-02-01 20:18:27 INFO  ApacheHttpClient.getWebResourceAsStream(502) - responseCode = 200
2024-02-01 20:18:28 INFO  ApacheHttpClient.getFilteredTasks(336) - responseCode = 200
2024-02-01 20:18:33 INFO  ApacheHttpClient.getTaskTemplateInfo(353) - responseCode = 200
2024-02-01 20:18:33 INFO  TaskInfoSelectorMouseListener.createDirectoryRecursive(78) - File created :B:/Course_Java/JavaRushTasks/2.JavaCore/src/com/javarush/task/task16/task1612
2024-02-01 20:18:34 INFO  ApacheHttpClient.getTaskTemplateInfo(353) - responseCode = 200
2024-02-01 20:42:41 INFO  ApacheHttpClient.getWebResourceAsStream(502) - responseCode = 200
2024-02-01 20:42:41 INFO  ApacheHttpClient.getTask(488) - responseCode = 200
2024-02-01 20:42:48 INFO  ApacheHttpClient.completed(32) - responseCode = 200
2024-02-01 20:50:17 INFO  ApacheHttpClient.getWebResourceAsStream(502) - responseCode = 200
2024-02-01 20:50:18 INFO  ApacheHttpClient.getTask(488) - responseCode = 200
2024-02-01 20:50:26 INFO  ApacheHttpClient.completed(32) - responseCode = 200
2024-02-01 20:50:26 INFO  ApacheHttpClient.getTask(488) - responseCode = 200
2024-02-01 20:53:47 INFO  ApacheHttpClient.getWebResourceAsStream(502) - responseCode = 200
2024-02-01 20:53:47 INFO  ApacheHttpClient.getFilteredTasks(336) - responseCode = 200
2024-02-01 20:53:53 INFO  ApacheHttpClient.getTaskTemplateInfo(353) - responseCode = 200
2024-02-01 20:53:53 INFO  TaskInfoSelectorMouseListener.createDirectoryRecursive(78) - File created :B:/Course_Java/JavaRushTasks/2.JavaCore/src/com/javarush/task/task16/task1615
2024-02-01 20:54:58 INFO  ApacheHttpClient.getWebResourceAsStream(502) - responseCode = 200
2024-02-01 20:54:58 INFO  ApacheHttpClient.getTask(488) - responseCode = 200
2024-02-01 20:55:02 INFO  ApacheHttpClient.completed(32) - responseCode = 200
2024-02-01 20:55:26 INFO  ApacheHttpClient.getWebResourceAsStream(502) - responseCode = 200
2024-02-01 20:55:26 INFO  ApacheHttpClient.getTask(488) - responseCode = 200
2024-02-01 20:55:31 INFO  ApacheHttpClient.completed(32) - responseCode = 200
2024-02-01 20:55:31 INFO  ApacheHttpClient.getTask(488) - responseCode = 200
2024-02-01 20:57:15 INFO  ApacheHttpClient.getWebResourceAsStream(502) - responseCode = 200
2024-02-01 20:57:16 INFO  ApacheHttpClient.getFilteredTasks(336) - responseCode = 200
2024-02-01 20:57:18 INFO  ApacheHttpClient.getTaskTemplateInfo(353) - responseCode = 200
2024-02-01 20:57:18 INFO  TaskInfoSelectorMouseListener.createDirectoryRecursive(78) - File created :B:/Course_Java/JavaRushTasks/2.JavaCore/src/com/javarush/task/task16/task1613
2024-02-01 21:06:58 INFO  ApacheHttpClient.getWebResourceAsStream(502) - responseCode = 200
2024-02-01 21:06:58 INFO  ApacheHttpClient.getTask(488) - responseCode = 200
2024-02-01 21:07:29 INFO  ApacheHttpClient.completed(32) - responseCode = 200
2024-02-01 21:09:26 INFO  ApacheHttpClient.getWebResourceAsStream(502) - responseCode = 200
2024-02-01 21:09:27 INFO  ApacheHttpClient.getTask(488) - responseCode = 200
2024-02-01 21:09:57 INFO  ApacheHttpClient.completed(32) - responseCode = 200
2024-02-01 21:10:20 INFO  ApacheHttpClient.getWebResourceAsStream(502) - responseCode = 200
2024-02-01 21:10:21 INFO  ApacheHttpClient.getTask(488) - responseCode = 200
2024-02-01 21:10:33 INFO  ApacheHttpClient.completed(32) - responseCode = 200
2024-02-01 21:10:33 INFO  ApacheHttpClient.getTask(488) - responseCode = 200
2024-02-01 21:11:08 INFO  ApacheHttpClient.getWebResourceAsStream(502) - responseCode = 200
2024-02-01 21:11:09 INFO  ApacheHttpClient.getFilteredTasks(336) - responseCode = 200
2024-02-01 21:11:12 INFO  ApacheHttpClient.getTaskTemplateInfo(353) - responseCode = 200
2024-02-01 21:11:12 INFO  TaskInfoSelectorMouseListener.createDirectoryRecursive(78) - File created :B:/Course_Java/JavaRushTasks/2.JavaCore/src/com/javarush/task/task16/task1614
2024-02-01 22:27:05 INFO  ApacheHttpClient.getWebResourceAsStream(502) - responseCode = 200
2024-02-01 22:27:05 INFO  ApacheHttpClient.getTask(488) - responseCode = 200
2024-02-01 22:27:17 INFO  ApacheHttpClient.completed(32) - responseCode = 200
2024-02-01 22:29:56 INFO  ApacheHttpClient.getWebResourceAsStream(502) - responseCode = 200
2024-02-01 22:29:56 INFO  ApacheHttpClient.getTask(488) - responseCode = 200
2024-02-01 22:30:03 INFO  ApacheHttpClient.completed(32) - responseCode = 200
2024-02-01 22:34:18 INFO  ApacheHttpClient.getWebResourceAsStream(502) - responseCode = 200
2024-02-01 22:34:19 INFO  ApacheHttpClient.getTask(488) - responseCode = 200
2024-02-01 22:34:26 INFO  ApacheHttpClient.completed(32) - responseCode = 200
2024-02-01 22:34:45 INFO  ApacheHttpClient.getWebResourceAsStream(502) - responseCode = 200
2024-02-01 22:34:46 INFO  ApacheHttpClient.getTask(488) - responseCode = 200
2024-02-01 22:34:54 INFO  ApacheHttpClient.completed(32) - responseCode = 200
2024-02-01 22:35:58 INFO  ApacheHttpClient.getWebResourceAsStream(502) - responseCode = 200
2024-02-01 22:35:58 INFO  ApacheHttpClient.getTask(488) - responseCode = 200
2024-02-01 22:36:09 INFO  ApacheHttpClient.completed(32) - responseCode = 200
2024-02-01 22:36:09 INFO  ApacheHttpClient.getTask(488) - responseCode = 200
2024-02-01 22:44:43 INFO  ProjectStartupHandler.projectClosing(155) - ---------- Project closed ----------

2024-02-01 22:44:44 INFO  ApacheHttpClient.getTask(488) - responseCode = 200
2024-02-01 22:44:44 INFO  ApacheHttpClient.getTask(488) - responseCode = 200
2024-02-01 22:44:44 INFO  ApacheHttpClient.getTask(488) - responseCode = 200
2024-02-01 22:44:45 INFO  ApacheHttpClient.getTask(488) - responseCode = 200
2024-02-01 22:44:45 INFO  ApacheHttpClient.getTask(488) - responseCode = 200
2024-02-01 22:44:45 INFO  PluginProjectService.dispose(41) - PluginProjectService for disposed.
2024-04-01 20:14:57 INFO  ProjectStartupHandler.runActivity(74) - ---------- Project opened ----------
2024-04-01 20:14:57 INFO  ProjectStartupHandler.runActivity(75) - ---------- Version 4.03 ----------

2024-04-01 20:14:58 INFO  ApacheHttpClient.isSessionAppropriateWithSecretKey(602) - Waiting for server response.
2024-04-01 20:14:58 INFO  ApacheHttpClient.isSessionAppropriateWithSecretKey(602) - Waiting for server response.
2024-04-01 20:14:58 INFO  ApacheHttpClient.refreshUserInfo(305) - responseCode = 200
2024-04-01 20:14:58 INFO  ApacheHttpClient.refreshUserInfo(311) - User information received.
2024-04-01 20:14:58 INFO  ApacheHttpClient.startGA(36) - GAService started.
2024-04-01 20:15:06 INFO  ApacheHttpClient.getWebResourceAsStream(502) - responseCode = 200
2024-04-01 20:15:06 INFO  ApacheHttpClient.getFilteredTasks(336) - responseCode = 200
2024-04-01 20:15:10 INFO  ApacheHttpClient.getTaskTemplateInfo(353) - responseCode = 200
2024-04-01 20:15:10 INFO  TaskInfoSelectorMouseListener.createDirectoryRecursive(78) - File created :C:/Java Coding/JavaRushTasks/2.JavaCore/src/com/javarush/task/task20
2024-04-01 20:15:10 INFO  TaskInfoSelectorMouseListener.createDirectoryRecursive(78) - File created :C:/Java Coding/JavaRushTasks/2.JavaCore/src/com/javarush/task/task20/task2004
2024-04-01 20:30:19 INFO  ApacheHttpClient.getWebResourceAsStream(502) - responseCode = 200
2024-04-01 20:30:20 INFO  ApacheHttpClient.getTask(488) - responseCode = 200
2024-04-01 20:30:21 INFO  ApacheHttpClient.completed(32) - responseCode = 200
2024-04-01 20:31:02 INFO  ApacheHttpClient.getWebResourceAsStream(502) - responseCode = 200
2024-04-01 20:31:02 INFO  ApacheHttpClient.getTask(488) - responseCode = 200
2024-04-01 20:31:05 INFO  ApacheHttpClient.completed(32) - responseCode = 200
2024-04-01 20:36:38 INFO  ApacheHttpClient.getWebResourceAsStream(502) - responseCode = 200
2024-04-01 20:36:39 INFO  ApacheHttpClient.getTask(488) - responseCode = 200
2024-04-01 20:36:41 INFO  ApacheHttpClient.completed(32) - responseCode = 200
2024-04-01 20:36:41 INFO  ApacheHttpClient.getTask(488) - responseCode = 200
2024-04-01 20:38:06 INFO  ApacheHttpClient.getWebResourceAsStream(502) - responseCode = 200
2024-04-01 20:38:06 INFO  ApacheHttpClient.getFilteredTasks(336) - responseCode = 200
2024-04-01 20:38:09 INFO  ApacheHttpClient.getTaskTemplateInfo(353) - responseCode = 200
2024-04-01 20:38:09 INFO  TaskInfoSelectorMouseListener.createDirectoryRecursive(78) - File created :C:/Java Coding/JavaRushTasks/2.JavaCore/src/com/javarush/task/task20/task2005
2024-04-01 20:48:56 INFO  ApacheHttpClient.getWebResourceAsStream(502) - responseCode = 200
2024-04-01 20:48:57 INFO  ApacheHttpClient.getTask(488) - responseCode = 200
2024-04-01 20:48:58 INFO  ApacheHttpClient.completed(32) - responseCode = 200
2024-04-01 20:53:55 INFO  ApacheHttpClient.getWebResourceAsStream(502) - responseCode = 200
2024-04-01 20:53:55 INFO  ApacheHttpClient.getTask(488) - responseCode = 200
2024-04-01 20:54:06 INFO  ApacheHttpClient.completed(32) - responseCode = 200
2024-04-01 21:58:05 INFO  ApacheHttpClient.getWebResourceAsStream(502) - responseCode = 200
2024-04-01 21:58:06 INFO  ApacheHttpClient.getTask(488) - responseCode = 200
2024-04-01 21:58:08 INFO  ApacheHttpClient.completed(32) - responseCode = 200
2024-04-01 21:59:14 INFO  ApacheHttpClient.getWebResourceAsStream(502) - responseCode = 200
2024-04-01 21:59:14 INFO  ApacheHttpClient.getTask(488) - responseCode = 200
2024-04-01 21:59:16 INFO  ApacheHttpClient.completed(32) - responseCode = 200
2024-04-01 22:01:25 INFO  ApacheHttpClient.getWebResourceAsStream(502) - responseCode = 200
2024-04-01 22:01:26 INFO  ApacheHttpClient.getTask(488) - responseCode = 200
2024-04-01 22:01:28 INFO  ApacheHttpClient.completed(32) - responseCode = 200
2024-04-01 22:02:23 INFO  ApacheHttpClient.getWebResourceAsStream(502) - responseCode = 200
2024-04-01 22:02:23 INFO  ApacheHttpClient.getTask(488) - responseCode = 200
2024-04-01 22:02:54 INFO  ApacheHttpClient.completed(32) - responseCode = 200
2024-04-01 22:05:17 INFO  ApacheHttpClient.getWebResourceAsStream(502) - responseCode = 200
2024-04-01 22:05:17 INFO  ApacheHttpClient.getTask(488) - responseCode = 200
2024-04-01 22:05:21 INFO  ApacheHttpClient.completed(32) - responseCode = 200
2024-04-01 22:05:51 INFO  ApacheHttpClient.getWebResourceAsStream(502) - responseCode = 200
2024-04-01 22:05:52 INFO  ApacheHttpClient.getTask(488) - responseCode = 200
2024-04-01 22:05:56 INFO  ApacheHttpClient.completed(32) - responseCode = 200
2024-04-01 22:06:22 INFO  ApacheHttpClient.getWebResourceAsStream(502) - responseCode = 200
2024-04-01 22:06:22 INFO  ApacheHttpClient.getTask(488) - responseCode = 200
2024-04-01 22:06:28 INFO  ApacheHttpClient.completed(32) - responseCode = 200
2024-04-01 22:06:36 INFO  ApacheHttpClient.getWebResourceAsStream(502) - responseCode = 200
2024-04-01 22:06:42 INFO  ApacheHttpClient.getTask(488) - responseCode = 200
2024-04-01 22:06:51 INFO  ApacheHttpClient.completed(32) - responseCode = 200
2024-04-01 22:16:04 INFO  ApacheHttpClient.getWebResourceAsStream(502) - responseCode = 200
2024-04-01 22:16:04 INFO  ApacheHttpClient.getTask(488) - responseCode = 200
2024-04-01 22:16:07 INFO  ApacheHttpClient.completed(32) - responseCode = 200
2024-04-01 22:16:07 INFO  ApacheHttpClient.getTask(488) - responseCode = 200
2024-04-01 22:16:21 INFO  ApacheHttpClient.getWebResourceAsStream(502) - responseCode = 200
2024-04-01 22:16:21 INFO  ApacheHttpClient.getFilteredTasks(336) - responseCode = 200
2024-04-01 22:18:56 INFO  ProjectStartupHandler.projectClosing(155) - ---------- Project closed ----------

2024-04-01 22:18:57 INFO  ApacheHttpClient.getTask(488) - responseCode = 200
2024-04-01 22:18:57 INFO  ApacheHttpClient.getTask(488) - responseCode = 200
2024-04-01 22:18:57 INFO  PluginProjectService.dispose(41) - PluginProjectService for disposed.
2024-04-06 19:18:33 INFO  ProjectStartupHandler.runActivity(74) - ---------- Project opened ----------
2024-04-06 19:18:33 INFO  ProjectStartupHandler.runActivity(75) - ---------- Version 4.03 ----------

2024-04-06 19:18:33 INFO  ApacheHttpClient.isSessionAppropriateWithSecretKey(602) - Waiting for server response.
2024-04-06 19:18:33 INFO  ApacheHttpClient.refreshUserInfo(305) - responseCode = 200
2024-04-06 19:18:33 INFO  ApacheHttpClient.refreshUserInfo(311) - User information received.
2024-04-06 19:18:33 INFO  ApacheHttpClient.startGA(36) - GAService started.
2024-04-06 19:18:44 INFO  ApacheHttpClient.getWebResourceAsStream(502) - responseCode = 200
2024-04-06 19:18:45 INFO  ApacheHttpClient.getFilteredTasks(336) - responseCode = 200
2024-04-06 19:18:52 INFO  ApacheHttpClient.getTaskTemplateInfo(353) - responseCode = 200
2024-04-06 19:18:52 INFO  TaskInfoSelectorMouseListener.createDirectoryRecursive(78) - File created :C:/Java Coding/JavaRushTasks/2.JavaCore/src/com/javarush/task/task20/task2003
2024-04-06 21:24:59 INFO  ApacheHttpClient.getWebResourceAsStream(502) - responseCode = 200
2024-04-06 21:25:00 INFO  ApacheHttpClient.getTask(488) - responseCode = 200
2024-04-06 21:25:03 INFO  ApacheHttpClient.completed(32) - responseCode = 200
2024-04-06 21:25:04 INFO  ApacheHttpClient.getTask(488) - responseCode = 200
2024-04-06 21:31:22 INFO  ApacheHttpClient.getWebResourceAsStream(502) - responseCode = 200
2024-04-06 21:31:22 INFO  ApacheHttpClient.getTask(488) - responseCode = 200
2024-04-06 21:32:27 INFO  ApacheHttpClient.getWebResourceAsStream(502) - responseCode = 200
2024-04-06 21:32:28 INFO  ApacheHttpClient.getFilteredTasks(336) - responseCode = 200
2024-04-06 21:32:41 INFO  ApacheHttpClient.getTaskTemplateInfo(353) - responseCode = 200
2024-04-06 21:32:41 INFO  TaskInfoSelectorMouseListener.createDirectoryRecursive(78) - File created :C:/Java Coding/JavaRushTasks/2.JavaCore/src/com/javarush/task/task20/task2001
2024-04-06 22:24:34 INFO  ApacheHttpClient.getWebResourceAsStream(502) - responseCode = 200
2024-04-06 22:24:34 INFO  ApacheHttpClient.getTask(488) - responseCode = 200
2024-04-06 22:24:39 INFO  ApacheHttpClient.completed(32) - responseCode = 200
2024-04-06 22:24:39 INFO  ApacheHttpClient.getTask(488) - responseCode = 200
2024-04-06 22:25:59 INFO  ApacheHttpClient.getWebResourceAsStream(502) - responseCode = 200
2024-04-06 22:26:00 INFO  ApacheHttpClient.getFilteredTasks(336) - responseCode = 200
2024-04-06 22:26:02 INFO  ApacheHttpClient.getTaskTemplateInfo(353) - responseCode = 200
2024-04-06 22:26:02 INFO  TaskInfoSelectorMouseListener.createDirectoryRecursive(78) - File created :C:/Java Coding/JavaRushTasks/2.JavaCore/src/com/javarush/task/task20/task2002
2024-04-06 23:33:05 INFO  ApacheHttpClient.getWebResourceAsStream(502) - responseCode = 200
2024-04-06 23:33:05 INFO  ApacheHttpClient.getTask(488) - responseCode = 200
2024-04-06 23:33:07 INFO  ApacheHttpClient.completed(32) - responseCode = 200
2024-04-06 23:34:36 INFO  ApacheHttpClient.getWebResourceAsStream(502) - responseCode = 200
2024-04-06 23:34:37 INFO  ApacheHttpClient.getTask(488) - responseCode = 200
2024-04-06 23:34:37 INFO  ApacheHttpClient.completed(32) - responseCode = 400
2024-04-06 23:34:37 WARN  TaskCompleted.run(74) - You already completed this task: "Читаем и пишем в файл: Human"
com.homework.plugin.analytics.PluginWarningException: warning
	at com.homework.plugin.callback.TaskCompleted.run(TaskCompleted.java:74)
	at com.intellij.openapi.application.TransactionGuardImpl.runWithWritingAllowed(TransactionGuardImpl.java:215)
	at com.intellij.openapi.application.TransactionGuardImpl.access$100(TransactionGuardImpl.java:22)
	at com.intellij.openapi.application.TransactionGuardImpl$1.run(TransactionGuardImpl.java:197)
	at com.intellij.openapi.application.impl.ApplicationImpl.runIntendedWriteActionOnCurrentThread(ApplicationImpl.java:873)
	at com.intellij.openapi.application.impl.ApplicationImpl$3.run(ApplicationImpl.java:511)
	at com.intellij.openapi.application.impl.FlushQueue.doRun(FlushQueue.java:69)
	at com.intellij.openapi.application.impl.FlushQueue.runNextEvent(FlushQueue.java:112)
	at com.intellij.openapi.application.impl.FlushQueue.flushNow(FlushQueue.java:42)
	at java.desktop/java.awt.event.InvocationEvent.dispatch(InvocationEvent.java:313)
	at java.desktop/java.awt.EventQueue.dispatchEventImpl(EventQueue.java:776)
	at java.desktop/java.awt.EventQueue$4.run(EventQueue.java:727)
	at java.desktop/java.awt.EventQueue$4.run(EventQueue.java:721)
	at java.base/java.security.AccessController.doPrivileged(Native Method)
	at java.base/java.security.ProtectionDomain$JavaSecurityAccessImpl.doIntersectionPrivilege(ProtectionDomain.java:85)
	at java.desktop/java.awt.EventQueue.dispatchEvent(EventQueue.java:746)
	at com.intellij.ide.IdeEventQueue.defaultDispatchEvent(IdeEventQueue.java:898)
	at com.intellij.ide.IdeEventQueue._dispatchEvent(IdeEventQueue.java:746)
	at com.intellij.ide.IdeEventQueue.lambda$dispatchEvent$6(IdeEventQueue.java:439)
	at com.intellij.openapi.progress.impl.CoreProgressManager.computePrioritized(CoreProgressManager.java:803)
	at com.intellij.ide.IdeEventQueue.lambda$dispatchEvent$7(IdeEventQueue.java:438)
	at com.intellij.openapi.application.TransactionGuardImpl.performActivity(TransactionGuardImpl.java:106)
	at com.intellij.ide.IdeEventQueue.performActivity(IdeEventQueue.java:604)
	at com.intellij.ide.IdeEventQueue.lambda$dispatchEvent$8(IdeEventQueue.java:436)
	at com.intellij.openapi.application.impl.ApplicationImpl.runIntendedWriteActionOnCurrentThread(ApplicationImpl.java:873)
	at com.intellij.ide.IdeEventQueue.dispatchEvent(IdeEventQueue.java:484)
	at java.desktop/java.awt.EventDispatchThread.pumpOneEventForFilters(EventDispatchThread.java:207)
	at java.desktop/java.awt.EventDispatchThread.pumpEventsForFilter(EventDispatchThread.java:128)
	at java.desktop/java.awt.EventDispatchThread.pumpEventsForHierarchy(EventDispatchThread.java:117)
	at java.desktop/java.awt.EventDispatchThread.pumpEvents(EventDispatchThread.java:113)
	at java.desktop/java.awt.EventDispatchThread.pumpEvents(EventDispatchThread.java:105)
	at java.desktop/java.awt.EventDispatchThread.run(EventDispatchThread.java:92)
2024-04-06 23:35:08 INFO  ApacheHttpClient.getWebResourceAsStream(502) - responseCode = 200
2024-04-06 23:35:09 INFO  ApacheHttpClient.getTask(488) - responseCode = 200
2024-04-06 23:35:11 INFO  ApacheHttpClient.completed(32) - responseCode = 200
2024-04-06 23:39:37 INFO  ApacheHttpClient.getWebResourceAsStream(502) - responseCode = 200
2024-04-06 23:39:38 INFO  ApacheHttpClient.getFilteredTasks(336) - responseCode = 200
2024-04-07 12:18:03 INFO  ProjectStartupHandler.runActivity(74) - ---------- Project opened ----------
2024-04-07 12:18:03 INFO  ProjectStartupHandler.runActivity(75) - ---------- Version 4.03 ----------

2024-04-07 12:18:03 INFO  ApacheHttpClient.isSessionAppropriateWithSecretKey(602) - Waiting for server response.
2024-04-07 12:18:03 INFO  ApacheHttpClient.isSessionAppropriateWithSecretKey(602) - Waiting for server response.
2024-04-07 12:18:03 INFO  ApacheHttpClient.refreshUserInfo(305) - responseCode = 200
2024-04-07 12:18:03 INFO  ApacheHttpClient.refreshUserInfo(311) - User information received.
2024-04-07 12:18:03 INFO  ApacheHttpClient.startGA(36) - GAService started.
2024-04-07 12:36:11 INFO  ApacheHttpClient.getWebResourceAsStream(502) - responseCode = 200
2024-04-07 12:36:13 INFO  ApacheHttpClient.getFilteredTasks(336) - responseCode = 200
2024-04-07 12:36:15 INFO  ApacheHttpClient.getTaskTemplateInfo(353) - responseCode = 200
2024-04-07 12:36:15 INFO  TaskInfoSelectorMouseListener.createDirectoryRecursive(78) - File created :C:/Java Coding/JavaRushTasks/2.JavaCore/src/com/javarush/task/task20/task2006
2024-04-07 12:46:47 INFO  ApacheHttpClient.getWebResourceAsStream(502) - responseCode = 200
2024-04-07 12:46:48 INFO  ApacheHttpClient.getTask(488) - responseCode = 200
2024-04-07 12:46:50 INFO  ApacheHttpClient.completed(32) - responseCode = 200
2024-04-07 12:46:50 INFO  ApacheHttpClient.getTask(488) - responseCode = 200
2024-04-07 12:46:56 INFO  ApacheHttpClient.getWebResourceAsStream(502) - responseCode = 200
2024-04-07 12:46:57 INFO  ApacheHttpClient.getFilteredTasks(336) - responseCode = 200
2024-04-07 12:46:59 INFO  ApacheHttpClient.getTaskTemplateInfo(353) - responseCode = 200
2024-04-07 12:46:59 INFO  TaskInfoSelectorMouseListener.createDirectoryRecursive(78) - File created :C:/Java Coding/JavaRushTasks/2.JavaCore/src/com/javarush/task/task20/task2007
2024-04-07 12:47:12 INFO  ApacheHttpClient.getWebResourceAsStream(502) - responseCode = 200
2024-04-07 12:47:13 INFO  ApacheHttpClient.getTask(488) - responseCode = 200
2024-04-07 12:47:15 INFO  ApacheHttpClient.completed(32) - responseCode = 200
2024-04-07 12:47:29 INFO  ApacheHttpClient.getWebResourceAsStream(502) - responseCode = 200
2024-04-07 12:47:29 INFO  ApacheHttpClient.getTask(488) - responseCode = 200
2024-04-07 12:47:32 INFO  ApacheHttpClient.completed(32) - responseCode = 200
2024-04-07 12:47:32 INFO  ApacheHttpClient.getTask(488) - responseCode = 200
2024-04-07 12:47:37 INFO  ApacheHttpClient.getWebResourceAsStream(502) - responseCode = 200
2024-04-07 12:47:38 INFO  ApacheHttpClient.getFilteredTasks(336) - responseCode = 200
2024-04-07 12:47:41 INFO  ApacheHttpClient.getTaskTemplateInfo(353) - responseCode = 200
2024-04-07 12:47:41 INFO  TaskInfoSelectorMouseListener.createDirectoryRecursive(78) - File created :C:/Java Coding/JavaRushTasks/2.JavaCore/src/com/javarush/task/task20/task2008
2024-04-07 12:58:58 INFO  ApacheHttpClient.getWebResourceAsStream(502) - responseCode = 200
2024-04-07 12:58:59 INFO  ApacheHttpClient.getTask(488) - responseCode = 200
2024-04-07 12:59:02 INFO  ApacheHttpClient.completed(32) - responseCode = 200
2024-04-07 12:59:02 INFO  ApacheHttpClient.getTask(488) - responseCode = 200
2024-04-07 15:20:03 INFO  ApacheHttpClient.getWebResourceAsStream(502) - responseCode = 200
2024-04-07 15:20:04 INFO  ApacheHttpClient.getFilteredTasks(336) - responseCode = 200
2024-04-07 15:20:22 INFO  ApacheHttpClient.getTaskTemplateInfo(353) - responseCode = 200
2024-04-07 15:20:22 INFO  TaskInfoSelectorMouseListener.createDirectoryRecursive(78) - File created :C:/Java Coding/JavaRushTasks/2.JavaCore/src/com/javarush/task/task20/task2009
2024-04-07 15:23:58 INFO  ApacheHttpClient.getWebResourceAsStream(502) - responseCode = 200
2024-04-07 15:23:58 INFO  ApacheHttpClient.getTask(488) - responseCode = 200
2024-04-07 15:24:01 INFO  ApacheHttpClient.completed(32) - responseCode = 200
2024-04-07 15:24:01 INFO  ApacheHttpClient.getTask(488) - responseCode = 200
2024-04-07 15:24:15 INFO  ApacheHttpClient.getWebResourceAsStream(502) - responseCode = 200
2024-04-07 15:24:17 INFO  ApacheHttpClient.getFilteredTasks(336) - responseCode = 200
2024-04-07 15:24:18 INFO  ApacheHttpClient.getTaskTemplateInfo(353) - responseCode = 200
2024-04-07 15:24:18 INFO  TaskInfoSelectorMouseListener.createDirectoryRecursive(78) - File created :C:/Java Coding/JavaRushTasks/2.JavaCore/src/com/javarush/task/task20/task2010
2024-04-07 15:24:19 INFO  ApacheHttpClient.getTaskTemplateInfo(353) - responseCode = 200
2024-04-07 15:25:22 INFO  ApacheHttpClient.getWebResourceAsStream(502) - responseCode = 200
2024-04-07 15:25:22 INFO  ApacheHttpClient.getTask(488) - responseCode = 200
2024-04-07 15:25:27 INFO  ApacheHttpClient.completed(32) - responseCode = 200
2024-04-07 15:25:27 INFO  ApacheHttpClient.getTask(488) - responseCode = 200
2024-04-07 15:37:02 INFO  ApacheHttpClient.getWebResourceAsStream(502) - responseCode = 200
2024-04-07 15:37:03 INFO  ApacheHttpClient.getFilteredTasks(336) - responseCode = 200
2024-04-07 15:37:09 INFO  ApacheHttpClient.getTaskTemplateInfo(353) - responseCode = 200
2024-04-07 15:37:09 INFO  TaskInfoSelectorMouseListener.createDirectoryRecursive(78) - File created :C:/Java Coding/JavaRushTasks/2.JavaCore/src/com/javarush/task/task20/task2011
2024-04-07 15:37:15 INFO  ApacheHttpClient.getWebResourceAsStream(502) - responseCode = 200
2024-04-07 15:37:16 INFO  ApacheHttpClient.getFilteredTasks(336) - responseCode = 200
2024-04-07 15:37:29 INFO  ApacheHttpClient.getWebResourceAsStream(502) - responseCode = 200
2024-04-07 15:37:30 INFO  ApacheHttpClient.getFilteredTasks(336) - responseCode = 200
2024-04-07 15:40:31 INFO  ApacheHttpClient.getWebResourceAsStream(502) - responseCode = 200
2024-04-07 15:40:32 INFO  ApacheHttpClient.getTask(488) - responseCode = 200
2024-04-07 15:40:34 INFO  ApacheHttpClient.completed(32) - responseCode = 200
2024-04-07 15:40:35 INFO  ApacheHttpClient.getTask(488) - responseCode = 200
2024-04-07 15:40:59 INFO  ApacheHttpClient.getWebResourceAsStream(502) - responseCode = 200
2024-04-07 15:41:00 INFO  ApacheHttpClient.getFilteredTasks(336) - responseCode = 200
2024-04-07 15:41:02 INFO  ApacheHttpClient.getTaskTemplateInfo(353) - responseCode = 200
2024-04-07 15:41:02 INFO  TaskInfoSelectorMouseListener.createDirectoryRecursive(78) - File created :C:/Java Coding/JavaRushTasks/2.JavaCore/src/com/javarush/task/task20/task2012
2024-04-07 15:41:03 INFO  ApacheHttpClient.getTaskTemplateInfo(353) - responseCode = 200
2024-04-07 16:15:59 INFO  ApacheHttpClient.getWebResourceAsStream(502) - responseCode = 200
2024-04-07 16:16:01 INFO  ApacheHttpClient.getFilteredTasks(336) - responseCode = 200
2024-04-07 16:19:50 INFO  ApacheHttpClient.getWebResourceAsStream(502) - responseCode = 200
2024-04-07 16:19:51 INFO  ApacheHttpClient.getTask(488) - responseCode = 200
2024-04-07 16:19:53 INFO  ApacheHttpClient.completed(32) - responseCode = 200
2024-04-07 16:19:53 INFO  ApacheHttpClient.getTask(488) - responseCode = 200
2024-04-07 16:19:59 INFO  ApacheHttpClient.getWebResourceAsStream(502) - responseCode = 200
2024-04-07 16:20:00 INFO  ApacheHttpClient.getFilteredTasks(336) - responseCode = 200
2024-04-07 16:20:05 INFO  ApacheHttpClient.getTaskTemplateInfo(353) - responseCode = 200
2024-04-07 16:20:05 INFO  TaskInfoSelectorMouseListener.createDirectoryRecursive(78) - File created :C:/Java Coding/JavaRushTasks/2.JavaCore/src/com/javarush/task/task20/task2013
2024-04-07 16:22:12 INFO  ApacheHttpClient.getWebResourceAsStream(502) - responseCode = 200
2024-04-07 16:22:12 INFO  ApacheHttpClient.getTask(488) - responseCode = 200
2024-04-07 16:22:14 INFO  ApacheHttpClient.completed(32) - responseCode = 200
2024-04-07 16:25:30 INFO  ApacheHttpClient.getWebResourceAsStream(502) - responseCode = 200
2024-04-07 16:25:31 INFO  ApacheHttpClient.getTask(488) - responseCode = 200
2024-04-07 16:25:32 INFO  ApacheHttpClient.completed(32) - responseCode = 200
2024-04-07 16:33:41 INFO  ApacheHttpClient.getWebResourceAsStream(502) - responseCode = 200
2024-04-07 16:33:41 INFO  ApacheHttpClient.getTask(488) - responseCode = 200
2024-04-07 16:33:44 INFO  ApacheHttpClient.completed(32) - responseCode = 200
2024-04-07 16:33:44 INFO  ApacheHttpClient.getTask(488) - responseCode = 200
2024-04-07 16:34:31 INFO  ApacheHttpClient.getWebResourceAsStream(502) - responseCode = 200
2024-04-07 16:34:32 INFO  ApacheHttpClient.getFilteredTasks(336) - responseCode = 200
2024-04-07 16:35:11 INFO  ApacheHttpClient.getTaskTemplateInfo(353) - responseCode = 200
2024-04-07 16:35:11 INFO  TaskInfoSelectorMouseListener.createDirectoryRecursive(78) - File created :C:/Java Coding/JavaRushTasks/2.JavaCore/src/com/javarush/task/task20/task2014
2024-04-07 20:49:41 INFO  ApacheHttpClient.getWebResourceAsStream(502) - responseCode = 200
2024-04-07 20:49:42 INFO  ApacheHttpClient.getTask(488) - responseCode = 200
2024-04-07 20:49:45 INFO  ApacheHttpClient.completed(32) - responseCode = 200
2024-04-07 20:49:46 INFO  ApacheHttpClient.getTask(488) - responseCode = 200
2024-04-07 20:59:13 INFO  ApacheHttpClient.getWebResourceAsStream(502) - responseCode = 200
2024-04-07 20:59:14 INFO  ApacheHttpClient.getFilteredTasks(336) - responseCode = 200
2024-04-07 20:59:16 INFO  ApacheHttpClient.getTaskTemplateInfo(353) - responseCode = 200
2024-04-07 20:59:16 INFO  TaskInfoSelectorMouseListener.createDirectoryRecursive(78) - File created :C:/Java Coding/JavaRushTasks/2.JavaCore/src/com/javarush/task/task20/task2015
2024-04-07 21:23:33 INFO  ProjectStartupHandler.projectClosing(155) - ---------- Project closed ----------

2024-04-07 21:23:34 INFO  ApacheHttpClient.getTask(488) - responseCode = 200
2024-04-07 21:23:34 INFO  ApacheHttpClient.getTask(488) - responseCode = 200
2024-04-07 21:23:34 INFO  ApacheHttpClient.getTask(488) - responseCode = 200
2024-04-07 21:23:34 INFO  ApacheHttpClient.getTask(488) - responseCode = 200
2024-04-07 21:23:35 INFO  ApacheHttpClient.getTask(488) - responseCode = 200
2024-04-07 21:23:35 INFO  ApacheHttpClient.getTask(488) - responseCode = 200
2024-04-07 21:23:35 INFO  ApacheHttpClient.getTask(488) - responseCode = 200
2024-04-07 21:23:35 INFO  ApacheHttpClient.getTask(488) - responseCode = 200
2024-04-07 21:23:36 INFO  ApacheHttpClient.getTask(488) - responseCode = 200
2024-04-07 21:23:36 INFO  ApacheHttpClient.getTask(488) - responseCode = 200
2024-04-07 21:23:36 INFO  PluginProjectService.dispose(41) - PluginProjectService for disposed.
2024-04-07 22:05:56 INFO  PluginProjectService.<init>(33) - PluginProjectService for JavaRushTasks initiated.
2024-04-07 22:05:59 INFO  ApacheHttpClient.getWebResourceAsStream(502) - responseCode = 200
2024-04-07 22:05:59 INFO  ProjectStartupHandler.runActivity(74) - ---------- Project opened ----------
2024-04-07 22:05:59 INFO  ProjectStartupHandler.runActivity(74) - ---------- Project opened ----------
2024-04-07 22:05:59 INFO  ProjectStartupHandler.runActivity(75) - ---------- Version 4.03 ----------

2024-04-07 22:05:59 INFO  ProjectStartupHandler.runActivity(75) - ---------- Version 4.03 ----------

2024-04-07 22:05:59 INFO  ApacheHttpClient.isSessionAppropriateWithSecretKey(602) - Waiting for server response.
2024-04-07 22:05:59 INFO  ApacheHttpClient.isSessionAppropriateWithSecretKey(602) - Waiting for server response.
2024-04-07 22:05:59 INFO  ApacheHttpClient.refreshUserInfo(305) - responseCode = 200
2024-04-07 22:05:59 INFO  ApacheHttpClient.refreshUserInfo(305) - responseCode = 200
2024-04-07 22:05:59 INFO  ApacheHttpClient.refreshUserInfo(311) - User information received.
2024-04-07 22:05:59 INFO  ApacheHttpClient.refreshUserInfo(311) - User information received.
2024-04-07 22:05:59 INFO  ApacheHttpClient.startGA(36) - GAService started.
2024-04-07 22:05:59 INFO  ApacheHttpClient.startGA(36) - GAService started.
2024-04-07 22:06:22 INFO  ApacheHttpClient.getWebResourceAsStream(502) - responseCode = 200
2024-04-07 22:06:22 INFO  ApacheHttpClient.getWebResourceAsStream(502) - responseCode = 200
2024-04-07 22:06:23 INFO  ApacheHttpClient.getFilteredTasks(336) - responseCode = 200
2024-04-07 22:06:23 INFO  ApacheHttpClient.getFilteredTasks(336) - responseCode = 200
2024-04-07 22:06:27 INFO  ApacheHttpClient.getTaskTemplateInfo(353) - responseCode = 200
2024-04-07 22:06:27 INFO  ApacheHttpClient.getTaskTemplateInfo(353) - responseCode = 200
2024-04-07 22:19:38 INFO  ApacheHttpClient.getWebResourceAsStream(502) - responseCode = 200
2024-04-07 22:19:38 INFO  ApacheHttpClient.getWebResourceAsStream(502) - responseCode = 200
2024-04-07 22:19:39 INFO  ApacheHttpClient.getTask(488) - responseCode = 200
2024-04-07 22:19:39 INFO  ApacheHttpClient.getTask(488) - responseCode = 200
2024-04-07 22:19:42 INFO  ApacheHttpClient.completed(32) - responseCode = 200
2024-04-07 22:19:42 INFO  ApacheHttpClient.completed(32) - responseCode = 200
2024-04-07 22:21:03 INFO  ApacheHttpClient.getWebResourceAsStream(502) - responseCode = 200
2024-04-07 22:21:03 INFO  ApacheHttpClient.getWebResourceAsStream(502) - responseCode = 200
2024-04-07 22:21:04 INFO  ApacheHttpClient.getTask(488) - responseCode = 200
2024-04-07 22:21:04 INFO  ApacheHttpClient.getTask(488) - responseCode = 200
2024-04-07 22:21:10 INFO  ApacheHttpClient.completed(32) - responseCode = 200
2024-04-07 22:21:10 INFO  ApacheHttpClient.completed(32) - responseCode = 200
2024-04-07 22:21:10 INFO  ApacheHttpClient.getTask(488) - responseCode = 200
2024-04-07 22:21:10 INFO  ApacheHttpClient.getTask(488) - responseCode = 200
2024-04-07 22:23:07 INFO  ApacheHttpClient.getWebResourceAsStream(502) - responseCode = 200
2024-04-07 22:23:07 INFO  ApacheHttpClient.getWebResourceAsStream(502) - responseCode = 200
2024-04-07 22:23:08 INFO  ApacheHttpClient.getFilteredTasks(336) - responseCode = 200
2024-04-07 22:23:08 INFO  ApacheHttpClient.getFilteredTasks(336) - responseCode = 200
2024-04-07 22:23:14 INFO  ApacheHttpClient.getWebResourceAsStream(502) - responseCode = 200
2024-04-07 22:23:14 INFO  ApacheHttpClient.getWebResourceAsStream(502) - responseCode = 200
2024-04-07 22:23:14 INFO  ApacheHttpClient.completed(32) - responseCode = 400
2024-04-07 22:23:14 INFO  ApacheHttpClient.completed(32) - responseCode = 400
2024-04-07 22:23:14 INFO  ApacheHttpClient.getTask(488) - responseCode = 200
2024-04-07 22:23:14 INFO  ApacheHttpClient.getTask(488) - responseCode = 200
2024-04-07 22:23:14 WARN  TaskCompleted.run(74) - You already completed this task: "Переопределение сериализации"
com.homework.plugin.analytics.PluginWarningException: warning
	at com.homework.plugin.callback.TaskCompleted.run(TaskCompleted.java:74)
	at com.intellij.openapi.application.TransactionGuardImpl.runWithWritingAllowed(TransactionGuardImpl.java:215)
	at com.intellij.openapi.application.TransactionGuardImpl.access$100(TransactionGuardImpl.java:22)
	at com.intellij.openapi.application.TransactionGuardImpl$1.run(TransactionGuardImpl.java:197)
	at com.intellij.openapi.application.impl.ApplicationImpl.runIntendedWriteActionOnCurrentThread(ApplicationImpl.java:873)
	at com.intellij.openapi.application.impl.ApplicationImpl$3.run(ApplicationImpl.java:511)
	at com.intellij.openapi.application.impl.FlushQueue.doRun(FlushQueue.java:69)
	at com.intellij.openapi.application.impl.FlushQueue.runNextEvent(FlushQueue.java:112)
	at com.intellij.openapi.application.impl.FlushQueue.flushNow(FlushQueue.java:42)
	at java.desktop/java.awt.event.InvocationEvent.dispatch(InvocationEvent.java:313)
	at java.desktop/java.awt.EventQueue.dispatchEventImpl(EventQueue.java:776)
	at java.desktop/java.awt.EventQueue$4.run(EventQueue.java:727)
	at java.desktop/java.awt.EventQueue$4.run(EventQueue.java:721)
	at java.base/java.security.AccessController.doPrivileged(Native Method)
	at java.base/java.security.ProtectionDomain$JavaSecurityAccessImpl.doIntersectionPrivilege(ProtectionDomain.java:85)
	at java.desktop/java.awt.EventQueue.dispatchEvent(EventQueue.java:746)
	at com.intellij.ide.IdeEventQueue.defaultDispatchEvent(IdeEventQueue.java:898)
	at com.intellij.ide.IdeEventQueue._dispatchEvent(IdeEventQueue.java:746)
	at com.intellij.ide.IdeEventQueue.lambda$dispatchEvent$6(IdeEventQueue.java:439)
	at com.intellij.openapi.progress.impl.CoreProgressManager.computePrioritized(CoreProgressManager.java:803)
	at com.intellij.ide.IdeEventQueue.lambda$dispatchEvent$7(IdeEventQueue.java:438)
	at com.intellij.openapi.application.TransactionGuardImpl.performActivity(TransactionGuardImpl.java:106)
	at com.intellij.ide.IdeEventQueue.performActivity(IdeEventQueue.java:604)
	at com.intellij.ide.IdeEventQueue.lambda$dispatchEvent$8(IdeEventQueue.java:436)
	at com.intellij.openapi.application.impl.ApplicationImpl.runIntendedWriteActionOnCurrentThread(ApplicationImpl.java:873)
	at com.intellij.ide.IdeEventQueue.dispatchEvent(IdeEventQueue.java:484)
	at java.desktop/java.awt.EventDispatchThread.pumpOneEventForFilters(EventDispatchThread.java:207)
	at java.desktop/java.awt.EventDispatchThread.pumpEventsForFilter(EventDispatchThread.java:128)
	at java.desktop/java.awt.EventDispatchThread.pumpEventsForHierarchy(EventDispatchThread.java:117)
	at java.desktop/java.awt.EventDispatchThread.pumpEvents(EventDispatchThread.java:113)
	at java.desktop/java.awt.EventDispatchThread.pumpEvents(EventDispatchThread.java:105)
	at java.desktop/java.awt.EventDispatchThread.run(EventDispatchThread.java:92)
2024-04-07 22:23:14 WARN  TaskCompleted.run(74) - You already completed this task: "Переопределение сериализации"
com.homework.plugin.analytics.PluginWarningException: warning
	at com.homework.plugin.callback.TaskCompleted.run(TaskCompleted.java:74)
	at com.intellij.openapi.application.TransactionGuardImpl.runWithWritingAllowed(TransactionGuardImpl.java:215)
	at com.intellij.openapi.application.TransactionGuardImpl.access$100(TransactionGuardImpl.java:22)
	at com.intellij.openapi.application.TransactionGuardImpl$1.run(TransactionGuardImpl.java:197)
	at com.intellij.openapi.application.impl.ApplicationImpl.runIntendedWriteActionOnCurrentThread(ApplicationImpl.java:873)
	at com.intellij.openapi.application.impl.ApplicationImpl$3.run(ApplicationImpl.java:511)
	at com.intellij.openapi.application.impl.FlushQueue.doRun(FlushQueue.java:69)
	at com.intellij.openapi.application.impl.FlushQueue.runNextEvent(FlushQueue.java:112)
	at com.intellij.openapi.application.impl.FlushQueue.flushNow(FlushQueue.java:42)
	at java.desktop/java.awt.event.InvocationEvent.dispatch(InvocationEvent.java:313)
	at java.desktop/java.awt.EventQueue.dispatchEventImpl(EventQueue.java:776)
	at java.desktop/java.awt.EventQueue$4.run(EventQueue.java:727)
	at java.desktop/java.awt.EventQueue$4.run(EventQueue.java:721)
	at java.base/java.security.AccessController.doPrivileged(Native Method)
	at java.base/java.security.ProtectionDomain$JavaSecurityAccessImpl.doIntersectionPrivilege(ProtectionDomain.java:85)
	at java.desktop/java.awt.EventQueue.dispatchEvent(EventQueue.java:746)
	at com.intellij.ide.IdeEventQueue.defaultDispatchEvent(IdeEventQueue.java:898)
	at com.intellij.ide.IdeEventQueue._dispatchEvent(IdeEventQueue.java:746)
	at com.intellij.ide.IdeEventQueue.lambda$dispatchEvent$6(IdeEventQueue.java:439)
	at com.intellij.openapi.progress.impl.CoreProgressManager.computePrioritized(CoreProgressManager.java:803)
	at com.intellij.ide.IdeEventQueue.lambda$dispatchEvent$7(IdeEventQueue.java:438)
	at com.intellij.openapi.application.TransactionGuardImpl.performActivity(TransactionGuardImpl.java:106)
	at com.intellij.ide.IdeEventQueue.performActivity(IdeEventQueue.java:604)
	at com.intellij.ide.IdeEventQueue.lambda$dispatchEvent$8(IdeEventQueue.java:436)
	at com.intellij.openapi.application.impl.ApplicationImpl.runIntendedWriteActionOnCurrentThread(ApplicationImpl.java:873)
	at com.intellij.ide.IdeEventQueue.dispatchEvent(IdeEventQueue.java:484)
	at java.desktop/java.awt.EventDispatchThread.pumpOneEventForFilters(EventDispatchThread.java:207)
	at java.desktop/java.awt.EventDispatchThread.pumpEventsForFilter(EventDispatchThread.java:128)
	at java.desktop/java.awt.EventDispatchThread.pumpEventsForHierarchy(EventDispatchThread.java:117)
	at java.desktop/java.awt.EventDispatchThread.pumpEvents(EventDispatchThread.java:113)
	at java.desktop/java.awt.EventDispatchThread.pumpEvents(EventDispatchThread.java:105)
	at java.desktop/java.awt.EventDispatchThread.run(EventDispatchThread.java:92)
2024-04-07 22:23:17 INFO  ApacheHttpClient.getWebResourceAsStream(502) - responseCode = 200
2024-04-07 22:23:17 INFO  ApacheHttpClient.getWebResourceAsStream(502) - responseCode = 200
2024-04-07 22:23:18 INFO  ApacheHttpClient.getFilteredTasks(336) - responseCode = 200
2024-04-07 22:23:18 INFO  ApacheHttpClient.getFilteredTasks(336) - responseCode = 200
2024-04-07 22:33:52 INFO  ApacheHttpClient.getWebResourceAsStream(502) - responseCode = 200
2024-04-07 22:33:52 INFO  ApacheHttpClient.getWebResourceAsStream(502) - responseCode = 200
2024-04-07 22:33:53 INFO  ApacheHttpClient.getFilteredTasks(336) - responseCode = 200
2024-04-07 22:33:53 INFO  ApacheHttpClient.getFilteredTasks(336) - responseCode = 200
2024-04-07 22:37:27 INFO  ProjectStartupHandler.projectClosing(155) - ---------- Project closed ----------

2024-04-07 22:37:27 INFO  ProjectStartupHandler.projectClosing(155) - ---------- Project closed ----------

2024-04-07 22:37:27 INFO  ApacheHttpClient.getTask(488) - responseCode = 200
2024-04-07 22:37:27 INFO  ApacheHttpClient.getTask(488) - responseCode = 200
2024-04-07 22:37:27 INFO  PluginProjectService.dispose(41) - PluginProjectService for disposed.
2024-04-07 22:37:27 INFO  PluginProjectService.dispose(41) - PluginProjectService for disposed.
2024-04-11 15:31:13 INFO  ProjectStartupHandler.runActivity(74) - ---------- Project opened ----------
2024-04-11 15:31:13 INFO  ProjectStartupHandler.runActivity(75) - ---------- Version 4.03 ----------

2024-04-11 15:31:13 INFO  ApacheHttpClient.isSessionAppropriateWithSecretKey(602) - Waiting for server response.
2024-04-11 15:31:13 INFO  ApacheHttpClient.refreshUserInfo(305) - responseCode = 200
2024-04-11 15:31:13 INFO  ApacheHttpClient.refreshUserInfo(311) - User information received.
2024-04-11 15:31:13 INFO  ApacheHttpClient.startGA(36) - GAService started.
2024-04-11 16:57:28 INFO  ApacheHttpClient.getWebResourceAsStream(502) - responseCode = 200
2024-04-11 16:57:29 INFO  ApacheHttpClient.getFilteredTasks(336) - responseCode = 200
2024-04-11 16:57:31 INFO  ApacheHttpClient.getTaskTemplateInfo(353) - responseCode = 200
2024-04-11 16:57:31 INFO  TaskInfoSelectorMouseListener.createDirectoryRecursive(78) - File created :C:/Java Coding/JavaRushTasks/2.JavaCore/src/com/javarush/task/task20/task2016
2024-04-11 16:59:36 INFO  ApacheHttpClient.getWebResourceAsStream(502) - responseCode = 200
2024-04-11 16:59:36 INFO  ApacheHttpClient.getTask(488) - responseCode = 200
2024-04-11 16:59:39 INFO  ApacheHttpClient.completed(32) - responseCode = 200
2024-04-11 16:59:39 INFO  ApacheHttpClient.getTask(488) - responseCode = 200
2024-04-11 17:00:03 INFO  ApacheHttpClient.getWebResourceAsStream(502) - responseCode = 200
2024-04-11 17:00:04 INFO  ApacheHttpClient.getFilteredTasks(336) - responseCode = 200
2024-04-11 17:00:11 INFO  ApacheHttpClient.getTaskTemplateInfo(353) - responseCode = 200
2024-04-11 17:00:11 INFO  TaskInfoSelectorMouseListener.createDirectoryRecursive(78) - File created :C:/Java Coding/JavaRushTasks/2.JavaCore/src/com/javarush/task/task20/task2019
2024-04-11 17:02:39 INFO  ApacheHttpClient.getWebResourceAsStream(502) - responseCode = 200
2024-04-11 17:02:40 INFO  ApacheHttpClient.getTask(488) - responseCode = 200
2024-04-11 17:02:45 INFO  ApacheHttpClient.completed(32) - responseCode = 200
2024-04-11 17:02:45 INFO  ApacheHttpClient.getTask(488) - responseCode = 200
2024-04-11 17:02:47 INFO  ApacheHttpClient.getWebResourceAsStream(502) - responseCode = 200
2024-04-11 17:02:48 INFO  ApacheHttpClient.getFilteredTasks(336) - responseCode = 200
2024-04-11 17:02:49 INFO  ApacheHttpClient.getTaskTemplateInfo(353) - responseCode = 200
2024-04-11 17:02:49 INFO  TaskInfoSelectorMouseListener.createDirectoryRecursive(78) - File created :C:/Java Coding/JavaRushTasks/2.JavaCore/src/com/javarush/task/task20/task2020
2024-04-11 17:02:50 INFO  ApacheHttpClient.getTaskTemplateInfo(353) - responseCode = 200
2024-04-11 17:04:40 INFO  ApacheHttpClient.getWebResourceAsStream(502) - responseCode = 200
2024-04-11 17:04:41 INFO  ApacheHttpClient.getTask(488) - responseCode = 200
2024-04-11 17:04:42 INFO  ApacheHttpClient.completed(32) - responseCode = 200
2024-04-11 17:04:51 INFO  ApacheHttpClient.getWebResourceAsStream(502) - responseCode = 200
2024-04-11 17:04:51 INFO  ApacheHttpClient.getTask(488) - responseCode = 200
2024-04-11 17:04:53 INFO  ApacheHttpClient.completed(32) - responseCode = 200
2024-04-11 17:05:08 INFO  ApacheHttpClient.getWebResourceAsStream(502) - responseCode = 200
2024-04-11 17:05:08 INFO  ApacheHttpClient.getTask(488) - responseCode = 200
2024-04-11 17:05:11 INFO  ApacheHttpClient.completed(32) - responseCode = 200
2024-04-11 17:05:17 INFO  ApacheHttpClient.getWebResourceAsStream(502) - responseCode = 200
2024-04-11 17:05:17 INFO  ApacheHttpClient.getTask(488) - responseCode = 200
2024-04-11 17:05:19 INFO  ApacheHttpClient.completed(32) - responseCode = 200
2024-04-11 17:05:38 INFO  ApacheHttpClient.getWebResourceAsStream(502) - responseCode = 200
2024-04-11 17:05:39 INFO  ApacheHttpClient.getTask(488) - responseCode = 200
2024-04-11 17:05:42 INFO  ApacheHttpClient.completed(32) - responseCode = 200
2024-04-11 17:05:50 INFO  ApacheHttpClient.getWebResourceAsStream(502) - responseCode = 200
2024-04-11 17:05:50 INFO  ApacheHttpClient.getTask(488) - responseCode = 200
2024-04-11 17:05:52 INFO  ApacheHttpClient.completed(32) - responseCode = 200
2024-04-11 17:05:57 INFO  ApacheHttpClient.getWebResourceAsStream(502) - responseCode = 200
2024-04-11 17:05:58 INFO  ApacheHttpClient.getTask(488) - responseCode = 200
2024-04-11 17:05:59 INFO  ApacheHttpClient.completed(32) - responseCode = 200
2024-04-11 17:06:44 INFO  ApacheHttpClient.getWebResourceAsStream(502) - responseCode = 200
2024-04-11 17:06:45 INFO  ApacheHttpClient.getFilteredTasks(336) - responseCode = 200
2024-04-11 17:06:48 INFO  ApacheHttpClient.getTaskTemplateInfo(353) - responseCode = 200
2024-04-11 17:06:48 INFO  TaskInfoSelectorMouseListener.createDirectoryRecursive(78) - File created :C:/Java Coding/JavaRushTasks/2.JavaCore/src/com/javarush/task/task20/task2021
2024-04-11 17:09:42 INFO  ApacheHttpClient.getWebResourceAsStream(502) - responseCode = 200
2024-04-11 17:09:42 INFO  ApacheHttpClient.getTask(488) - responseCode = 200
2024-04-11 17:09:45 INFO  ApacheHttpClient.completed(32) - responseCode = 200
2024-04-11 17:09:45 INFO  ApacheHttpClient.getTask(488) - responseCode = 200
2024-04-11 17:09:57 INFO  ApacheHttpClient.getWebResourceAsStream(502) - responseCode = 200
2024-04-11 17:09:57 INFO  ApacheHttpClient.getFilteredTasks(336) - responseCode = 200
2024-04-11 17:24:44 INFO  ApacheHttpClient.getWebResourceAsStream(502) - responseCode = 200
2024-04-11 17:24:45 INFO  ApacheHttpClient.getFilteredTasks(336) - responseCode = 200
2024-04-11 17:25:00 INFO  ProjectStartupHandler.projectClosing(155) - ---------- Project closed ----------

2024-04-11 17:25:01 INFO  ApacheHttpClient.getTask(488) - responseCode = 200
2024-04-11 17:25:01 INFO  ApacheHttpClient.getTask(488) - responseCode = 200
2024-04-11 17:25:01 INFO  ApacheHttpClient.getTask(488) - responseCode = 200
2024-04-11 17:25:02 INFO  ApacheHttpClient.getTask(488) - responseCode = 200
2024-04-11 17:25:02 INFO  PluginProjectService.dispose(41) - PluginProjectService for disposed.
2024-05-04 14:04:56 INFO  ProjectStartupHandler.runActivity(74) - ---------- Project opened ----------
2024-05-04 14:04:56 INFO  ProjectStartupHandler.runActivity(75) - ---------- Version 4.03 ----------

2024-05-04 14:04:56 INFO  ApacheHttpClient.isSessionAppropriateWithSecretKey(602) - Waiting for server response.
2024-05-04 14:04:57 INFO  ApacheHttpClient.isSessionAppropriateWithSecretKey(602) - Waiting for server response.
2024-05-04 14:04:57 INFO  ApacheHttpClient.refreshUserInfo(305) - responseCode = 200
2024-05-04 14:04:57 INFO  ApacheHttpClient.refreshUserInfo(311) - User information received.
2024-05-04 14:04:57 INFO  ApacheHttpClient.startGA(36) - GAService started.
2024-05-04 14:05:15 INFO  ApacheHttpClient.getWebResourceAsStream(502) - responseCode = 200
2024-05-04 14:05:17 INFO  ApacheHttpClient.getFilteredTasks(336) - responseCode = 200
2024-05-04 14:13:17 INFO  ApacheHttpClient.getWebResourceAsStream(502) - responseCode = 200
2024-05-04 14:13:18 INFO  ApacheHttpClient.getFilteredTasks(336) - responseCode = 200
2024-05-04 14:13:24 INFO  ApacheHttpClient.getTaskTemplateInfo(353) - responseCode = 200
2024-05-04 14:13:24 INFO  TaskInfoSelectorMouseListener.createDirectoryRecursive(78) - File created :C:/Java Coding/JavaRushTasks/3.JavaMultithreading/src/com
2024-05-04 14:13:24 INFO  TaskInfoSelectorMouseListener.createDirectoryRecursive(78) - File created :C:/Java Coding/JavaRushTasks/3.JavaMultithreading/src/com/javarush
2024-05-04 14:13:24 INFO  TaskInfoSelectorMouseListener.createDirectoryRecursive(78) - File created :C:/Java Coding/JavaRushTasks/3.JavaMultithreading/src/com/javarush/task
2024-05-04 14:13:24 INFO  TaskInfoSelectorMouseListener.createDirectoryRecursive(78) - File created :C:/Java Coding/JavaRushTasks/3.JavaMultithreading/src/com/javarush/task/task21
2024-05-04 14:13:24 INFO  TaskInfoSelectorMouseListener.createDirectoryRecursive(78) - File created :C:/Java Coding/JavaRushTasks/3.JavaMultithreading/src/com/javarush/task/task21/task2101
2024-05-04 14:19:30 INFO  ApacheHttpClient.getWebResourceAsStream(502) - responseCode = 200
2024-05-04 14:19:30 INFO  PluginProjectService.<init>(33) - PluginProjectService for JavaRushTasks initiated.
2024-05-04 14:19:30 INFO  ProjectStartupHandler.runActivity(74) - ---------- Project opened ----------
2024-05-04 14:19:30 INFO  ProjectStartupHandler.runActivity(75) - ---------- Version 4.03 ----------

2024-05-04 14:19:30 INFO  ApacheHttpClient.isSessionAppropriateWithSecretKey(602) - Waiting for server response.
2024-05-04 14:19:30 INFO  ApacheHttpClient.isSessionAppropriateWithSecretKey(602) - Waiting for server response.
2024-05-04 14:19:31 INFO  ApacheHttpClient.refreshUserInfo(305) - responseCode = 200
2024-05-04 14:19:31 INFO  ApacheHttpClient.refreshUserInfo(311) - User information received.
2024-05-04 14:19:31 INFO  ApacheHttpClient.startGA(36) - GAService started.
2024-05-04 14:21:35 INFO  ProjectStartupHandler.projectClosing(155) - ---------- Project closed ----------

2024-05-04 14:21:35 INFO  PluginProjectService.dispose(41) - PluginProjectService for disposed.
2024-05-04 14:23:31 INFO  ApacheHttpClient.getWebResourceAsStream(502) - responseCode = 200
2024-05-04 14:23:32 INFO  ApacheHttpClient.getFilteredTasks(336) - responseCode = 200
2024-05-04 14:24:09 INFO  ApacheHttpClient.getTaskTemplateInfo(353) - responseCode = 200
2024-05-04 14:24:18 INFO  ApacheHttpClient.getWebResourceAsStream(502) - responseCode = 200
2024-05-04 14:25:22 INFO  ApacheHttpClient.getWebResourceAsStream(502) - responseCode = 200
2024-05-04 14:25:22 INFO  ApacheHttpClient.getTask(488) - responseCode = 200
2024-05-04 14:25:25 INFO  ApacheHttpClient.completed(32) - responseCode = 200
2024-05-04 14:25:26 INFO  ApacheHttpClient.getTask(488) - responseCode = 200
2024-05-04 15:19:09 INFO  ApacheHttpClient.getWebResourceAsStream(502) - responseCode = 200
2024-05-04 15:19:10 INFO  ApacheHttpClient.getFilteredTasks(336) - responseCode = 200
2024-05-04 15:19:12 INFO  ApacheHttpClient.getTaskTemplateInfo(353) - responseCode = 200
2024-05-04 15:19:12 INFO  TaskInfoSelectorMouseListener.createDirectoryRecursive(78) - File created :C:/Java Coding/JavaRushTasks/3.JavaMultithreading/src/com/javarush/task/task21/task2102
2024-05-04 15:20:33 INFO  ApacheHttpClient.getWebResourceAsStream(502) - responseCode = 200
2024-05-04 15:20:49 INFO  ApacheHttpClient.getWebResourceAsStream(502) - responseCode = 200
2024-05-04 15:20:49 INFO  ApacheHttpClient.getTask(488) - responseCode = 200
2024-05-04 15:20:53 INFO  ApacheHttpClient.completed(32) - responseCode = 200
2024-05-04 15:20:53 INFO  ApacheHttpClient.getTask(488) - responseCode = 200
2024-05-04 15:21:13 INFO  ApacheHttpClient.getWebResourceAsStream(502) - responseCode = 200
2024-05-04 15:21:13 INFO  ApacheHttpClient.getFilteredTasks(336) - responseCode = 200
2024-05-04 15:21:15 INFO  ApacheHttpClient.getTaskTemplateInfo(353) - responseCode = 200
2024-05-04 15:21:15 INFO  TaskInfoSelectorMouseListener.createDirectoryRecursive(78) - File created :C:/Java Coding/JavaRushTasks/3.JavaMultithreading/src/com/javarush/task/task21/task2103
2024-05-04 15:21:20 INFO  ApacheHttpClient.getWebResourceAsStream(502) - responseCode = 200
2024-05-04 15:21:26 INFO  ApacheHttpClient.getWebResourceAsStream(502) - responseCode = 200
2024-05-04 15:21:26 INFO  ApacheHttpClient.getTask(488) - responseCode = 200
2024-05-04 15:21:29 INFO  ApacheHttpClient.completed(32) - responseCode = 200
2024-05-04 15:21:29 INFO  ApacheHttpClient.getTask(488) - responseCode = 200
2024-05-04 15:21:50 INFO  ApacheHttpClient.getWebResourceAsStream(502) - responseCode = 200
2024-05-04 15:21:50 INFO  ApacheHttpClient.getFilteredTasks(336) - responseCode = 200
2024-05-04 15:59:00 INFO  ApacheHttpClient.getWebResourceAsStream(502) - responseCode = 200
2024-05-04 15:59:01 INFO  ApacheHttpClient.getFilteredTasks(336) - responseCode = 200
2024-05-04 15:59:06 INFO  ApacheHttpClient.getTaskTemplateInfo(353) - responseCode = 200
2024-05-04 15:59:06 INFO  TaskInfoSelectorMouseListener.createDirectoryRecursive(78) - File created :C:/Java Coding/JavaRushTasks/3.JavaMultithreading/src/com/javarush/task/task21/task2106
2024-05-04 16:02:58 INFO  ApacheHttpClient.getWebResourceAsStream(502) - responseCode = 200
2024-05-04 16:02:59 INFO  ApacheHttpClient.getTask(488) - responseCode = 200
2024-05-04 16:03:00 INFO  ApacheHttpClient.completed(32) - responseCode = 200
2024-05-04 16:04:10 INFO  ApacheHttpClient.getWebResourceAsStream(502) - responseCode = 200
2024-05-04 16:04:11 INFO  ApacheHttpClient.getTask(488) - responseCode = 200
2024-05-04 16:04:13 INFO  ApacheHttpClient.completed(32) - responseCode = 200
2024-05-04 16:04:35 INFO  ApacheHttpClient.getWebResourceAsStream(502) - responseCode = 200
2024-05-04 16:04:35 INFO  ApacheHttpClient.getTask(488) - responseCode = 200
2024-05-04 16:04:38 INFO  ApacheHttpClient.completed(32) - responseCode = 200
2024-05-04 16:06:43 INFO  ApacheHttpClient.getWebResourceAsStream(502) - responseCode = 200
2024-05-04 16:06:43 INFO  ApacheHttpClient.getTask(488) - responseCode = 200
2024-05-04 16:06:45 INFO  ApacheHttpClient.completed(32) - responseCode = 200
2024-05-04 16:07:18 INFO  ApacheHttpClient.getWebResourceAsStream(502) - responseCode = 200
2024-05-04 16:07:18 INFO  ApacheHttpClient.getTask(488) - responseCode = 200
2024-05-04 16:07:22 INFO  ApacheHttpClient.completed(32) - responseCode = 200
2024-05-04 16:07:38 INFO  ApacheHttpClient.getWebResourceAsStream(502) - responseCode = 200
2024-05-04 16:07:38 INFO  ApacheHttpClient.getTask(488) - responseCode = 200
2024-05-04 16:07:40 INFO  ApacheHttpClient.completed(32) - responseCode = 200
2024-05-04 16:08:57 INFO  ApacheHttpClient.getWebResourceAsStream(502) - responseCode = 200
2024-05-04 16:08:58 INFO  ApacheHttpClient.getTask(488) - responseCode = 200
2024-05-04 16:09:03 INFO  ApacheHttpClient.completed(32) - responseCode = 200
2024-05-04 16:09:04 INFO  ApacheHttpClient.getTask(488) - responseCode = 200
2024-05-04 16:11:10 INFO  ApacheHttpClient.getWebResourceAsStream(502) - responseCode = 200
2024-05-04 16:11:11 INFO  ApacheHttpClient.getFilteredTasks(336) - responseCode = 200
2024-05-04 16:11:14 INFO  ApacheHttpClient.getTaskTemplateInfo(353) - responseCode = 200
2024-05-04 16:11:14 INFO  TaskInfoSelectorMouseListener.createDirectoryRecursive(78) - File created :C:/Java Coding/JavaRushTasks/3.JavaMultithreading/src/com/javarush/task/task21/task2105
2024-05-04 16:15:38 INFO  ApacheHttpClient.getWebResourceAsStream(502) - responseCode = 200
2024-05-04 16:15:38 INFO  ApacheHttpClient.getTask(488) - responseCode = 200
2024-05-04 16:15:40 INFO  ApacheHttpClient.completed(32) - responseCode = 200
2024-05-04 16:19:16 INFO  ApacheHttpClient.getWebResourceAsStream(502) - responseCode = 200
2024-05-04 16:19:16 INFO  ApacheHttpClient.getTask(488) - responseCode = 200
2024-05-04 16:19:18 INFO  ApacheHttpClient.completed(32) - responseCode = 200
2024-05-04 19:13:21 INFO  PluginProjectService.dispose(41) - PluginProjectService for disposed.
2024-05-04 20:52:10 INFO  PluginProjectService.<init>(33) - PluginProjectService for JavaRushTasks initiated.
2024-05-04 20:52:13 INFO  ApacheHttpClient.getWebResourceAsStream(502) - responseCode = 200
2024-05-04 20:52:13 INFO  ProjectStartupHandler.runActivity(74) - ---------- Project opened ----------
2024-05-04 20:52:13 INFO  ProjectStartupHandler.runActivity(74) - ---------- Project opened ----------
2024-05-04 20:52:13 INFO  ProjectStartupHandler.runActivity(75) - ---------- Version 4.03 ----------

2024-05-04 20:52:13 INFO  ProjectStartupHandler.runActivity(75) - ---------- Version 4.03 ----------

2024-05-04 20:52:13 INFO  ApacheHttpClient.isSessionAppropriateWithSecretKey(602) - Waiting for server response.
2024-05-04 20:52:13 INFO  ApacheHttpClient.isSessionAppropriateWithSecretKey(602) - Waiting for server response.
2024-05-04 20:52:13 INFO  ApacheHttpClient.refreshUserInfo(305) - responseCode = 200
2024-05-04 20:52:13 INFO  ApacheHttpClient.refreshUserInfo(305) - responseCode = 200
2024-05-04 20:52:13 INFO  ApacheHttpClient.refreshUserInfo(311) - User information received.
2024-05-04 20:52:13 INFO  ApacheHttpClient.refreshUserInfo(311) - User information received.
2024-05-04 20:52:13 INFO  ApacheHttpClient.startGA(36) - GAService started.
2024-05-04 20:52:13 INFO  ApacheHttpClient.startGA(36) - GAService started.
2024-05-04 21:09:40 INFO  ProjectStartupHandler.projectClosing(155) - ---------- Project closed ----------

2024-05-04 21:09:40 INFO  ProjectStartupHandler.projectClosing(155) - ---------- Project closed ----------

2024-05-04 21:09:41 INFO  PluginProjectService.dispose(41) - PluginProjectService for disposed.
2024-05-04 21:09:41 INFO  PluginProjectService.dispose(41) - PluginProjectService for disposed.
2024-05-05 15:01:23 INFO  ProjectStartupHandler.runActivity(74) - ---------- Project opened ----------
2024-05-05 15:01:23 INFO  ProjectStartupHandler.runActivity(75) - ---------- Version 4.03 ----------

2024-05-05 15:01:23 INFO  ApacheHttpClient.isSessionAppropriateWithSecretKey(602) - Waiting for server response.
2024-05-05 15:01:23 INFO  ApacheHttpClient.refreshUserInfo(305) - responseCode = 200
2024-05-05 15:01:23 INFO  ApacheHttpClient.refreshUserInfo(311) - User information received.
2024-05-05 15:01:23 INFO  ApacheHttpClient.startGA(36) - GAService started.
2024-05-05 15:19:54 INFO  ApacheHttpClient.getWebResourceAsStream(502) - responseCode = 200
2024-05-05 15:19:57 INFO  ApacheHttpClient.getTask(488) - responseCode = 200
2024-05-05 15:19:59 INFO  ApacheHttpClient.completed(32) - responseCode = 200
2024-05-05 15:23:42 INFO  ApacheHttpClient.getWebResourceAsStream(502) - responseCode = 200
2024-05-05 15:23:42 INFO  ApacheHttpClient.getTask(488) - responseCode = 200
2024-05-05 15:23:44 INFO  ApacheHttpClient.completed(32) - responseCode = 200
2024-05-05 15:24:33 INFO  ApacheHttpClient.getWebResourceAsStream(502) - responseCode = 200
2024-05-05 15:24:33 INFO  ApacheHttpClient.getTask(488) - responseCode = 200
2024-05-05 15:24:38 INFO  ApacheHttpClient.completed(32) - responseCode = 200
2024-05-05 15:24:38 INFO  ApacheHttpClient.getTask(488) - responseCode = 200
2024-05-05 15:28:39 INFO  ApacheHttpClient.getWebResourceAsStream(502) - responseCode = 200
2024-05-05 15:28:39 INFO  ApacheHttpClient.getFilteredTasks(336) - responseCode = 200
2024-05-05 15:28:41 INFO  ApacheHttpClient.getTaskTemplateInfo(353) - responseCode = 200
2024-05-05 15:28:41 INFO  TaskInfoSelectorMouseListener.createDirectoryRecursive(78) - File created :C:/Java Coding/JavaRushTasks/3.JavaMultithreading/src/com/javarush/task/task21/task2104
2024-05-05 15:30:09 INFO  ApacheHttpClient.getWebResourceAsStream(502) - responseCode = 200
2024-05-05 15:30:10 INFO  ApacheHttpClient.getFilteredTasks(336) - responseCode = 200
2024-05-05 19:10:39 INFO  ApacheHttpClient.getWebResourceAsStream(502) - responseCode = 200
2024-05-05 19:10:40 INFO  ApacheHttpClient.getTask(488) - responseCode = 200
2024-05-05 19:10:41 INFO  ApacheHttpClient.completed(32) - responseCode = 200
2024-05-05 19:11:20 INFO  ApacheHttpClient.getWebResourceAsStream(502) - responseCode = 200
2024-05-05 19:11:20 INFO  ApacheHttpClient.getTask(488) - responseCode = 200
2024-05-05 19:11:24 INFO  ApacheHttpClient.completed(32) - responseCode = 200
2024-05-05 19:11:25 INFO  ApacheHttpClient.getTask(488) - responseCode = 200
2024-05-05 19:39:19 INFO  ApacheHttpClient.getWebResourceAsStream(502) - responseCode = 200
2024-05-05 19:39:19 INFO  ApacheHttpClient.getFilteredTasks(336) - responseCode = 200
2024-05-05 19:41:52 INFO  ApacheHttpClient.getWebResourceAsStream(502) - responseCode = 200
2024-05-05 19:41:53 INFO  ApacheHttpClient.getFilteredTasks(336) - responseCode = 200
2024-05-05 19:41:54 INFO  ApacheHttpClient.getTaskTemplateInfo(353) - responseCode = 200
2024-05-05 19:41:54 INFO  TaskInfoSelectorMouseListener.createDirectoryRecursive(78) - File created :C:/Java Coding/JavaRushTasks/3.JavaMultithreading/src/com/javarush/task/task21/task2109
2024-05-05 19:50:18 INFO  ApacheHttpClient.getWebResourceAsStream(502) - responseCode = 200
2024-05-05 19:50:18 INFO  ApacheHttpClient.getTask(488) - responseCode = 200
2024-05-05 19:50:20 INFO  ApacheHttpClient.completed(32) - responseCode = 200
2024-05-05 19:50:41 INFO  ApacheHttpClient.getWebResourceAsStream(502) - responseCode = 200
2024-05-05 19:50:41 INFO  ApacheHttpClient.getTask(488) - responseCode = 200
2024-05-05 19:50:43 INFO  ApacheHttpClient.completed(32) - responseCode = 200
2024-05-05 19:51:06 INFO  ApacheHttpClient.getWebResourceAsStream(502) - responseCode = 200
2024-05-05 19:51:06 INFO  ApacheHttpClient.getTask(488) - responseCode = 200
2024-05-05 19:51:08 INFO  ApacheHttpClient.completed(32) - responseCode = 200
2024-05-05 19:53:27 INFO  ApacheHttpClient.getWebResourceAsStream(502) - responseCode = 200
2024-05-05 19:53:28 INFO  ApacheHttpClient.getTask(488) - responseCode = 200
2024-05-05 19:53:30 INFO  ApacheHttpClient.completed(32) - responseCode = 200
2024-05-05 19:53:30 INFO  ApacheHttpClient.getTask(488) - responseCode = 200
2024-05-05 20:01:06 INFO  ApacheHttpClient.getWebResourceAsStream(502) - responseCode = 200
2024-05-05 20:01:06 INFO  ApacheHttpClient.getFilteredTasks(336) - responseCode = 200
2024-05-05 20:01:21 INFO  ApacheHttpClient.getTaskTemplateInfo(353) - responseCode = 200
2024-05-05 20:01:21 INFO  TaskInfoSelectorMouseListener.createDirectoryRecursive(78) - File created :C:/Java Coding/JavaRushTasks/3.JavaMultithreading/src/com/javarush/task/task21/task2107
2024-05-05 21:54:09 INFO  ProjectStartupHandler.projectClosing(155) - ---------- Project closed ----------

2024-05-05 21:54:10 INFO  ApacheHttpClient.getTask(488) - responseCode = 200
2024-05-05 21:54:10 INFO  ApacheHttpClient.getTask(488) - responseCode = 200
2024-05-05 21:54:10 INFO  ApacheHttpClient.getTask(488) - responseCode = 200
2024-05-05 21:54:11 INFO  ApacheHttpClient.getTask(488) - responseCode = 200
2024-05-05 21:54:11 INFO  PluginProjectService.dispose(41) - PluginProjectService for disposed.
2024-05-07 13:19:07 INFO  ProjectStartupHandler.runActivity(74) - ---------- Project opened ----------
2024-05-07 13:19:07 INFO  ProjectStartupHandler.runActivity(75) - ---------- Version 4.03 ----------

2024-05-07 13:19:07 INFO  ApacheHttpClient.isSessionAppropriateWithSecretKey(602) - Waiting for server response.
2024-05-07 13:19:08 INFO  ApacheHttpClient.refreshUserInfo(305) - responseCode = 200
2024-05-07 13:19:08 INFO  ApacheHttpClient.refreshUserInfo(311) - User information received.
2024-05-07 13:19:08 INFO  ApacheHttpClient.startGA(36) - GAService started.
2024-05-07 13:19:10 INFO  ApacheHttpClient.getWebResourceAsStream(502) - responseCode = 200
2024-05-07 13:19:11 INFO  ApacheHttpClient.getFilteredTasks(336) - responseCode = 200
2024-05-07 15:02:58 INFO  ApacheHttpClient.getWebResourceAsStream(502) - responseCode = 200
2024-05-07 15:02:59 INFO  ApacheHttpClient.getFilteredTasks(336) - responseCode = 200
2024-05-07 16:12:12 INFO  ApacheHttpClient.getWebResourceAsStream(502) - responseCode = 200
2024-05-07 16:12:13 INFO  ApacheHttpClient.getTask(488) - responseCode = 200
2024-05-07 16:12:16 INFO  ApacheHttpClient.completed(32) - responseCode = 200
2024-05-07 16:15:40 INFO  ApacheHttpClient.getWebResourceAsStream(502) - responseCode = 200
2024-05-07 16:15:40 INFO  ApacheHttpClient.getTask(488) - responseCode = 200
2024-05-07 16:15:42 INFO  ApacheHttpClient.completed(32) - responseCode = 200
2024-05-07 16:33:00 INFO  ApacheHttpClient.getWebResourceAsStream(502) - responseCode = 200
2024-05-07 16:33:00 INFO  ApacheHttpClient.getTask(488) - responseCode = 200
2024-05-07 16:33:04 INFO  ApacheHttpClient.completed(32) - responseCode = 200
2024-05-07 16:33:04 INFO  ApacheHttpClient.getTask(488) - responseCode = 200
2024-05-07 16:35:10 INFO  ApacheHttpClient.getWebResourceAsStream(502) - responseCode = 200
2024-05-07 16:35:11 INFO  ApacheHttpClient.getFilteredTasks(336) - responseCode = 200
2024-05-07 16:35:17 INFO  ApacheHttpClient.getTaskTemplateInfo(353) - responseCode = 200
2024-05-07 16:35:17 INFO  TaskInfoSelectorMouseListener.createDirectoryRecursive(78) - File created :C:/Java Coding/JavaRushTasks/3.JavaMultithreading/src/com/javarush/task/task21/task2108
2024-05-07 16:51:52 INFO  ApacheHttpClient.getWebResourceAsStream(502) - responseCode = 200
2024-05-07 16:51:53 INFO  ApacheHttpClient.getTask(488) - responseCode = 200
2024-05-07 16:51:55 INFO  ApacheHttpClient.completed(32) - responseCode = 200
2024-05-07 16:51:56 INFO  ApacheHttpClient.getTask(488) - responseCode = 200
2024-05-07 16:59:47 INFO  ApacheHttpClient.getWebResourceAsStream(502) - responseCode = 200
2024-05-07 16:59:48 INFO  ApacheHttpClient.getFilteredTasks(336) - responseCode = 200
2024-05-07 16:59:52 INFO  ApacheHttpClient.getTaskTemplateInfo(353) - responseCode = 200
2024-05-07 16:59:52 INFO  TaskInfoSelectorMouseListener.createDirectoryRecursive(78) - File created :C:/Java Coding/JavaRushTasks/3.JavaMultithreading/src/com/javarush/task/task21/task2110
2024-05-07 17:02:03 INFO  ApacheHttpClient.getWebResourceAsStream(502) - responseCode = 200
2024-05-07 17:02:03 INFO  ApacheHttpClient.getTask(488) - responseCode = 200
2024-05-07 17:02:08 INFO  ApacheHttpClient.completed(32) - responseCode = 200
2024-05-07 17:02:09 INFO  ApacheHttpClient.getTask(488) - responseCode = 200
2024-05-07 17:04:10 INFO  ApacheHttpClient.getWebResourceAsStream(502) - responseCode = 200
2024-05-07 17:04:11 INFO  ApacheHttpClient.getFilteredTasks(336) - responseCode = 200
2024-05-07 17:04:18 INFO  ApacheHttpClient.getTaskTemplateInfo(353) - responseCode = 200
2024-05-07 17:04:18 INFO  TaskInfoSelectorMouseListener.createDirectoryRecursive(78) - File created :C:/Java Coding/JavaRushTasks/3.JavaMultithreading/src/com/javarush/task/task21/task2112
2024-05-07 19:34:51 INFO  ApacheHttpClient.getWebResourceAsStream(502) - responseCode = 200
2024-05-07 19:34:52 INFO  ApacheHttpClient.getTask(488) - responseCode = 200
2024-05-07 19:34:56 INFO  ApacheHttpClient.completed(32) - responseCode = 200
2024-05-07 19:34:56 INFO  ApacheHttpClient.getTask(488) - responseCode = 200
2024-05-07 19:35:12 INFO  ApacheHttpClient.getWebResourceAsStream(502) - responseCode = 200
2024-05-07 19:35:13 INFO  ApacheHttpClient.getFilteredTasks(336) - responseCode = 200
2024-05-07 19:35:22 INFO  ApacheHttpClient.getTaskTemplateInfo(353) - responseCode = 200
2024-05-07 19:35:22 INFO  TaskInfoSelectorMouseListener.createDirectoryRecursive(78) - File created :C:/Java Coding/JavaRushTasks/3.JavaMultithreading/src/com/javarush/task/task21/task2111
2024-05-07 19:40:18 INFO  ApacheHttpClient.getWebResourceAsStream(502) - responseCode = 200
2024-05-07 19:40:19 INFO  ApacheHttpClient.getTask(488) - responseCode = 200
2024-05-07 19:40:20 INFO  ApacheHttpClient.completed(32) - responseCode = 200
2024-05-07 19:41:18 INFO  ApacheHttpClient.getWebResourceAsStream(502) - responseCode = 200
2024-05-07 19:41:19 INFO  ApacheHttpClient.getTask(488) - responseCode = 200
2024-05-07 19:41:21 INFO  ApacheHttpClient.completed(32) - responseCode = 200
2024-05-07 19:42:35 INFO  ApacheHttpClient.getWebResourceAsStream(502) - responseCode = 200
2024-05-07 19:42:36 INFO  ApacheHttpClient.getTask(488) - responseCode = 200
2024-05-07 19:42:40 INFO  ApacheHttpClient.completed(32) - responseCode = 200
2024-05-07 19:42:40 INFO  ApacheHttpClient.getTask(488) - responseCode = 200
2024-05-07 19:44:29 INFO  ApacheHttpClient.getWebResourceAsStream(502) - responseCode = 200
2024-05-07 19:44:32 INFO  ApacheHttpClient.getFilteredTasks(336) - responseCode = 200
